<?xml version="1.0" encoding="UTF-8"?>
<testsuite xmlns:xsi="http://www.w3.org/2001/XMLSchema-instance" xsi:noNamespaceSchemaLocation="https://maven.apache.org/surefire/maven-surefire-plugin/xsd/surefire-test-report-3.0.xsd" version="3.0" name="com.desafiowicket.TestHomePage" time="0.457" tests="1" errors="0" skipped="0" failures="0">
  <properties>
    <property name="java.specification.version" value="17"/>
    <property name="sun.cpu.isalist" value="amd64"/>
    <property name="sun.jnu.encoding" value="Cp1252"/>
    <property name="java.class.path" value="C:\f\unika\target\test-classes;C:\f\unika\target\classes;C:\Users\itzac\.m2\repository\org\apache\wicket\wicket-core\8.15.0\wicket-core-8.15.0.jar;C:\Users\itzac\.m2\repository\com\github\openjson\openjson\1.0.11\openjson-1.0.11.jar;C:\Users\itzac\.m2\repository\org\apache\wicket\wicket-request\8.15.0\wicket-request-8.15.0.jar;C:\Users\itzac\.m2\repository\org\apache\wicket\wicket-util\8.15.0\wicket-util-8.15.0.jar;C:\Users\itzac\.m2\repository\commons-fileupload\commons-fileupload\1.5\commons-fileupload-1.5.jar;C:\Users\itzac\.m2\repository\commons-io\commons-io\2.6\commons-io-2.6.jar;C:\Users\itzac\.m2\repository\org\apache\commons\commons-collections4\4.4\commons-collections4-4.4.jar;C:\Users\itzac\.m2\repository\org\danekja\jdk-serializable-functional\1.8.6\jdk-serializable-functional-1.8.6.jar;C:\Users\itzac\.m2\repository\org\slf4j\slf4j-api\1.7.25\slf4j-api-1.7.25.jar;C:\Users\itzac\.m2\repository\org\apache\wicket\wicket-extensions\8.15.0\wicket-extensions-8.15.0.jar;C:\Users\itzac\.m2\repository\org\apache\logging\log4j\log4j-slf4j-impl\2.6.2\log4j-slf4j-impl-2.6.2.jar;C:\Users\itzac\.m2\repository\org\apache\logging\log4j\log4j-api\2.6.2\log4j-api-2.6.2.jar;C:\Users\itzac\.m2\repository\org\apache\logging\log4j\log4j-core\2.6.2\log4j-core-2.6.2.jar;C:\Users\itzac\.m2\repository\junit\junit\4.12\junit-4.12.jar;C:\Users\itzac\.m2\repository\org\hamcrest\hamcrest-core\1.3\hamcrest-core-1.3.jar;C:\Users\itzac\.m2\repository\org\eclipse\jetty\aggregate\jetty-all\9.2.19.v20160908\jetty-all-9.2.19.v20160908.jar;C:\Users\itzac\.m2\repository\javax\websocket\javax.websocket-api\1.0\javax.websocket-api-1.0.jar;C:\Users\itzac\.m2\repository\javax\servlet\javax.servlet-api\3.1.0\javax.servlet-api-3.1.0.jar;C:\Users\itzac\.m2\repository\org\apache\httpcomponents\client5\httpclient5\5.3.1\httpclient5-5.3.1.jar;C:\Users\itzac\.m2\repository\org\apache\httpcomponents\core5\httpcore5\5.2.4\httpcore5-5.2.4.jar;C:\Users\itzac\.m2\repository\org\apache\httpcomponents\core5\httpcore5-h2\5.2.4\httpcore5-h2-5.2.4.jar;C:\Users\itzac\.m2\repository\com\fasterxml\jackson\core\jackson-databind\2.13.0\jackson-databind-2.13.0.jar;C:\Users\itzac\.m2\repository\com\fasterxml\jackson\core\jackson-annotations\2.13.0\jackson-annotations-2.13.0.jar;C:\Users\itzac\.m2\repository\com\fasterxml\jackson\core\jackson-core\2.13.0\jackson-core-2.13.0.jar;C:\Users\itzac\.m2\repository\org\mapstruct\mapstruct\1.6.2\mapstruct-1.6.2.jar;"/>
    <property name="java.vm.vendor" value="Oracle Corporation"/>
    <property name="sun.arch.data.model" value="64"/>
    <property name="user.variant" value=""/>
    <property name="java.vendor.url" value="https://java.oracle.com/"/>
    <property name="user.timezone" value="America/Sao_Paulo"/>
    <property name="os.name" value="Windows 11"/>
    <property name="java.vm.specification.version" value="17"/>
    <property name="sun.java.launcher" value="SUN_STANDARD"/>
    <property name="user.country" value="BR"/>
    <property name="sun.boot.library.path" value="C:\Program Files\Java\jdk-17\bin"/>
    <property name="sun.java.command" value="C:\Users\itzac\AppData\Local\Temp\surefire13824859893489062276\surefirebooter-20241029100346728_3.jar C:\Users\itzac\AppData\Local\Temp\surefire13824859893489062276 2024-10-29T10-03-46_632-jvmRun1 surefire-20241029100346728_1tmp surefire_0-20241029100346728_2tmp"/>
    <property name="jdk.debug" value="release"/>
    <property name="surefire.test.class.path" value="C:\f\unika\target\test-classes;C:\f\unika\target\classes;C:\Users\itzac\.m2\repository\org\apache\wicket\wicket-core\8.15.0\wicket-core-8.15.0.jar;C:\Users\itzac\.m2\repository\com\github\openjson\openjson\1.0.11\openjson-1.0.11.jar;C:\Users\itzac\.m2\repository\org\apache\wicket\wicket-request\8.15.0\wicket-request-8.15.0.jar;C:\Users\itzac\.m2\repository\org\apache\wicket\wicket-util\8.15.0\wicket-util-8.15.0.jar;C:\Users\itzac\.m2\repository\commons-fileupload\commons-fileupload\1.5\commons-fileupload-1.5.jar;C:\Users\itzac\.m2\repository\commons-io\commons-io\2.6\commons-io-2.6.jar;C:\Users\itzac\.m2\repository\org\apache\commons\commons-collections4\4.4\commons-collections4-4.4.jar;C:\Users\itzac\.m2\repository\org\danekja\jdk-serializable-functional\1.8.6\jdk-serializable-functional-1.8.6.jar;C:\Users\itzac\.m2\repository\org\slf4j\slf4j-api\1.7.25\slf4j-api-1.7.25.jar;C:\Users\itzac\.m2\repository\org\apache\wicket\wicket-extensions\8.15.0\wicket-extensions-8.15.0.jar;C:\Users\itzac\.m2\repository\org\apache\logging\log4j\log4j-slf4j-impl\2.6.2\log4j-slf4j-impl-2.6.2.jar;C:\Users\itzac\.m2\repository\org\apache\logging\log4j\log4j-api\2.6.2\log4j-api-2.6.2.jar;C:\Users\itzac\.m2\repository\org\apache\logging\log4j\log4j-core\2.6.2\log4j-core-2.6.2.jar;C:\Users\itzac\.m2\repository\junit\junit\4.12\junit-4.12.jar;C:\Users\itzac\.m2\repository\org\hamcrest\hamcrest-core\1.3\hamcrest-core-1.3.jar;C:\Users\itzac\.m2\repository\org\eclipse\jetty\aggregate\jetty-all\9.2.19.v20160908\jetty-all-9.2.19.v20160908.jar;C:\Users\itzac\.m2\repository\javax\websocket\javax.websocket-api\1.0\javax.websocket-api-1.0.jar;C:\Users\itzac\.m2\repository\javax\servlet\javax.servlet-api\3.1.0\javax.servlet-api-3.1.0.jar;C:\Users\itzac\.m2\repository\org\apache\httpcomponents\client5\httpclient5\5.3.1\httpclient5-5.3.1.jar;C:\Users\itzac\.m2\repository\org\apache\httpcomponents\core5\httpcore5\5.2.4\httpcore5-5.2.4.jar;C:\Users\itzac\.m2\repository\org\apache\httpcomponents\core5\httpcore5-h2\5.2.4\httpcore5-h2-5.2.4.jar;C:\Users\itzac\.m2\repository\com\fasterxml\jackson\core\jackson-databind\2.13.0\jackson-databind-2.13.0.jar;C:\Users\itzac\.m2\repository\com\fasterxml\jackson\core\jackson-annotations\2.13.0\jackson-annotations-2.13.0.jar;C:\Users\itzac\.m2\repository\com\fasterxml\jackson\core\jackson-core\2.13.0\jackson-core-2.13.0.jar;C:\Users\itzac\.m2\repository\org\mapstruct\mapstruct\1.6.2\mapstruct-1.6.2.jar;"/>
    <property name="sun.cpu.endian" value="little"/>
    <property name="user.home" value="C:\Users\itzac"/>
    <property name="user.language" value="pt"/>
    <property name="java.specification.vendor" value="Oracle Corporation"/>
    <property name="java.version.date" value="2024-07-16"/>
    <property name="java.home" value="C:\Program Files\Java\jdk-17"/>
    <property name="file.separator" value="\"/>
    <property name="basedir" value="C:\f\unika"/>
    <property name="java.vm.compressedOopsMode" value="Zero based"/>
    <property name="line.separator" value="&#10;"/>
    <property name="java.vm.specification.vendor" value="Oracle Corporation"/>
    <property name="java.specification.name" value="Java Platform API Specification"/>
    <property name="surefire.real.class.path" value="C:\Users\itzac\AppData\Local\Temp\surefire13824859893489062276\surefirebooter-20241029100346728_3.jar"/>
    <property name="user.script" value=""/>
    <property name="sun.management.compiler" value="HotSpot 64-Bit Tiered Compilers"/>
    <property name="java.runtime.version" value="17.0.12+8-LTS-286"/>
    <property name="user.name" value="itzac"/>
    <property name="path.separator" value=";"/>
    <property name="os.version" value="10.0"/>
    <property name="java.runtime.name" value="Java(TM) SE Runtime Environment"/>
    <property name="file.encoding" value="Cp1252"/>
    <property name="java.vm.name" value="Java HotSpot(TM) 64-Bit Server VM"/>
    <property name="localRepository" value="C:\Users\itzac\.m2\repository"/>
    <property name="java.vendor.url.bug" value="https://bugreport.java.com/bugreport/"/>
    <property name="java.io.tmpdir" value="C:\Users\itzac\AppData\Local\Temp\"/>
    <property name="idea.version" value="2024.2.1"/>
    <property name="java.version" value="17.0.12"/>
    <property name="user.dir" value="C:\f\unika"/>
    <property name="os.arch" value="amd64"/>
    <property name="java.vm.specification.name" value="Java Virtual Machine Specification"/>
    <property name="sun.os.patch.level" value=""/>
    <property name="native.encoding" value="Cp1252"/>
    <property name="java.library.path" value="C:\Program Files\Java\jdk-17\bin;C:\Windows\Sun\Java\bin;C:\Windows\system32;C:\Windows;C:\Program Files\Common Files\Oracle\Java\javapath;C:\Windows\system32;C:\Windows;C:\Windows\System32\Wbem;C:\Windows\System32\WindowsPowerShell\v1.0\;C:\Windows\System32\OpenSSH\;C:\apache-maven-3.9.6\bin;C:\Program Files\Git\cmd;C:\Program Files\nodejs\;C:\Program Files\MySQL\MySQL Shell 8.0\bin\;C:\Users\itzac\AppData\Local\Microsoft\WindowsApps;;C:\Program Files\JetBrains\IntelliJ IDEA 2024.2.1\bin;;C:\Users\itzac\AppData\Local\Microsoft\WinGet\Packages\Schniz.fnm_Microsoft.Winget.Source_8wekyb3d8bbwe;C:\Users\itzac\AppData\Roaming\npm;C:\Users\itzac\AppData\Local\Programs\Microsoft VS Code\bin;."/>
    <property name="java.vm.info" value="mixed mode, sharing"/>
    <property name="java.vendor" value="Oracle Corporation"/>
    <property name="java.vm.version" value="17.0.12+8-LTS-286"/>
    <property name="sun.io.unicode.encoding" value="UnicodeLittle"/>
    <property name="java.class.version" value="61.0"/>
  </properties>
  <testcase name="homepageRendersSuccessfully" classname="com.desafiowicket.TestHomePage" time="0.423">
    <system-out><![CDATA[10:03:47.309 [main] INFO  org.apache.wicket.Application - [WicketTesterApplication-68308878-4fcb-45fe-b7a5-9eed200756e1] init: Wicket core library initializer
10:03:47.311 [main] INFO  org.apache.wicket.Application - [WicketTesterApplication-68308878-4fcb-45fe-b7a5-9eed200756e1] init: Wicket extensions initializer
]]></system-out>
  </testcase>
</testsuite>